
> frontend@0.1.0 start
> react-scripts start

Browserslist: caniuse-lite is outdated. Please run:
  npx update-browserslist-db@latest
  Why you should do it regularly: https://github.com/browserslist/update-db#readme
(node:9488) [DEP_WEBPACK_DEV_SERVER_ON_AFTER_SETUP_MIDDLEWARE] DeprecationWarning: 'onAfterSetupMiddleware' option is deprecated. Please use the 'setupMiddlewares' option.
(Use `node --trace-deprecation ...` to show where the warning was created)
(node:9488) [DEP_WEBPACK_DEV_SERVER_ON_BEFORE_SETUP_MIDDLEWARE] DeprecationWarning: 'onBeforeSetupMiddleware' option is deprecated. Please use the 'setupMiddlewares' option.
Starting the development server...

Compiled with warnings.

[eslint] 
src\Login.js
  Line 117:6:  React Hook useCallback has a missing dependency: 'setUsers'. Either include it or remove the dependency array  react-hooks/exhaustive-deps

src\components\avaliacao\Grid.js
  Line 238:9:  The 'handleInsertedId' function makes the dependencies of useCallback Hook (at line 254) change on every render. Move it inside the useCallback callback. Alternatively, wrap the definition of 'handleInsertedId' in its own useCallback() Hook  react-hooks/exhaustive-deps

src\components\dashboard\Grid.js
  Line 62:10:  'admin' is assigned a value but never used  no-unused-vars

src\components\relatorio\Grid.js
  Line 203:7:  'insertedId' is constant                                                                                                    no-const-assign
  Line 229:6:  React Hook useEffect has a missing dependency: 'handleSearchButtonClick'. Either include it or remove the dependency array  react-hooks/exhaustive-deps

Search for the keywords to learn more about each warning.
To ignore, add // eslint-disable-next-line to the line before.

[1m[33mWARNING[39m[22m in [1m[eslint] 
src\Login.js
  Line 117:6:  React Hook useCallback has a missing dependency: 'setUsers'. Either include it or remove the dependency array  react-hooks/exhaustive-deps

src\components\avaliacao\Grid.js
  Line 238:9:  The 'handleInsertedId' function makes the dependencies of useCallback Hook (at line 254) change on every render. Move it inside the useCallback callback. Alternatively, wrap the definition of 'handleInsertedId' in its own useCallback() Hook  react-hooks/exhaustive-deps

src\components\dashboard\Grid.js
  Line 62:10:  'admin' is assigned a value but never used  no-unused-vars

src\components\relatorio\Grid.js
  Line 203:7:  'insertedId' is constant                                                                                                    no-const-assign
  Line 229:6:  React Hook useEffect has a missing dependency: 'handleSearchButtonClick'. Either include it or remove the dependency array  react-hooks/exhaustive-deps

[39m[22m

webpack compiled with [1m[33m1 warning[39m[22m
Compiling...
Compiled with warnings.

[eslint] 
src\Login.js
  Line 117:6:  React Hook useCallback has a missing dependency: 'setUsers'. Either include it or remove the dependency array  react-hooks/exhaustive-deps

src\components\avaliacao\Grid.js
  Line 238:9:  The 'handleInsertedId' function makes the dependencies of useCallback Hook (at line 254) change on every render. Move it inside the useCallback callback. Alternatively, wrap the definition of 'handleInsertedId' in its own useCallback() Hook  react-hooks/exhaustive-deps

src\components\dashboard\Grid.js
  Line 62:10:  'admin' is assigned a value but never used  no-unused-vars

src\components\relatorio\Grid.js
  Line 203:7:  'insertedId' is constant                                                                                                    no-const-assign
  Line 229:6:  React Hook useEffect has a missing dependency: 'handleSearchButtonClick'. Either include it or remove the dependency array  react-hooks/exhaustive-deps

Search for the keywords to learn more about each warning.
To ignore, add // eslint-disable-next-line to the line before.

[1m[33mWARNING[39m[22m in [1m[eslint] 
src\Login.js
  Line 117:6:  React Hook useCallback has a missing dependency: 'setUsers'. Either include it or remove the dependency array  react-hooks/exhaustive-deps

src\components\avaliacao\Grid.js
  Line 238:9:  The 'handleInsertedId' function makes the dependencies of useCallback Hook (at line 254) change on every render. Move it inside the useCallback callback. Alternatively, wrap the definition of 'handleInsertedId' in its own useCallback() Hook  react-hooks/exhaustive-deps

src\components\dashboard\Grid.js
  Line 62:10:  'admin' is assigned a value but never used  no-unused-vars

src\components\relatorio\Grid.js
  Line 203:7:  'insertedId' is constant                                                                                                    no-const-assign
  Line 229:6:  React Hook useEffect has a missing dependency: 'handleSearchButtonClick'. Either include it or remove the dependency array  react-hooks/exhaustive-deps

[39m[22m

webpack compiled with [1m[33m1 warning[39m[22m
Compiling...
Compiled with warnings.

[eslint] 
src\Login.js
  Line 117:6:  React Hook useCallback has a missing dependency: 'setUsers'. Either include it or remove the dependency array  react-hooks/exhaustive-deps

src\components\avaliacao\Grid.js
  Line 238:9:  The 'handleInsertedId' function makes the dependencies of useCallback Hook (at line 254) change on every render. Move it inside the useCallback callback. Alternatively, wrap the definition of 'handleInsertedId' in its own useCallback() Hook  react-hooks/exhaustive-deps

src\components\dashboard\Grid.js
  Line 62:10:  'admin' is assigned a value but never used  no-unused-vars

src\components\relatorio\Grid.js
  Line 203:7:  'insertedId' is constant                                                                                                    no-const-assign
  Line 229:6:  React Hook useEffect has a missing dependency: 'handleSearchButtonClick'. Either include it or remove the dependency array  react-hooks/exhaustive-deps

Search for the keywords to learn more about each warning.
To ignore, add // eslint-disable-next-line to the line before.

[1m[33mWARNING[39m[22m in [1m[eslint] 
src\Login.js
  Line 117:6:  React Hook useCallback has a missing dependency: 'setUsers'. Either include it or remove the dependency array  react-hooks/exhaustive-deps

src\components\avaliacao\Grid.js
  Line 238:9:  The 'handleInsertedId' function makes the dependencies of useCallback Hook (at line 254) change on every render. Move it inside the useCallback callback. Alternatively, wrap the definition of 'handleInsertedId' in its own useCallback() Hook  react-hooks/exhaustive-deps

src\components\dashboard\Grid.js
  Line 62:10:  'admin' is assigned a value but never used  no-unused-vars

src\components\relatorio\Grid.js
  Line 203:7:  'insertedId' is constant                                                                                                    no-const-assign
  Line 229:6:  React Hook useEffect has a missing dependency: 'handleSearchButtonClick'. Either include it or remove the dependency array  react-hooks/exhaustive-deps

[39m[22m

webpack compiled with [1m[33m1 warning[39m[22m
